{"C:\\Users\\donyb\\hacktiv8\\phase2\\IP-HCK83-Doni\\server\\app.js": {"path":"C:\\Users\\donyb\\hacktiv8\\phase2\\IP-HCK83-Doni\\server\\app.js","statementMap":{"0":{"start":{"line":1,"column":16},"end":{"line":1,"column":34}},"1":{"start":{"line":2,"column":12},"end":{"line":2,"column":21}},"2":{"start":{"line":3,"column":13},"end":{"line":3,"column":17}},"3":{"start":{"line":5,"column":0},"end":{"line":5,"column":48}},"4":{"start":{"line":6,"column":0},"end":{"line":6,"column":24}},"5":{"start":{"line":7,"column":0},"end":{"line":7,"column":27}},"6":{"start":{"line":9,"column":0},"end":{"line":9,"column":30}},"7":{"start":{"line":11,"column":0},"end":{"line":11,"column":47}},"8":{"start":{"line":13,"column":0},"end":{"line":15,"column":3}},"9":{"start":{"line":14,"column":2},"end":{"line":14,"column":63}},"10":{"start":{"line":17,"column":0},"end":{"line":17,"column":21}}},"fnMap":{"0":{"name":"(anonymous_0)","decl":{"start":{"line":13,"column":17},"end":{"line":13,"column":18}},"loc":{"start":{"line":13,"column":23},"end":{"line":15,"column":1}},"line":13}},"branchMap":{},"s":{"0":2,"1":2,"2":2,"3":2,"4":2,"5":2,"6":2,"7":2,"8":2,"9":2,"10":2},"f":{"0":2},"b":{},"_coverageSchema":"1a1c01bbd47fc00a2c39e90264f33305004495a9","hash":"d85467f6aacba85152f68ab3c589a80c470c8f7c"}
,"C:\\Users\\donyb\\hacktiv8\\phase2\\IP-HCK83-Doni\\server\\controllers\\CategoryController.js": {"path":"C:\\Users\\donyb\\hacktiv8\\phase2\\IP-HCK83-Doni\\server\\controllers\\CategoryController.js","statementMap":{"0":{"start":{"line":1,"column":21},"end":{"line":1,"column":41}},"1":{"start":{"line":6,"column":4},"end":{"line":13,"column":5}},"2":{"start":{"line":7,"column":23},"end":{"line":7,"column":31}},"3":{"start":{"line":8,"column":21},"end":{"line":8,"column":32}},"4":{"start":{"line":9,"column":23},"end":{"line":9,"column":70}},"5":{"start":{"line":10,"column":6},"end":{"line":10,"column":37}},"6":{"start":{"line":12,"column":6},"end":{"line":12,"column":16}},"7":{"start":{"line":18,"column":4},"end":{"line":24,"column":5}},"8":{"start":{"line":19,"column":21},"end":{"line":19,"column":32}},"9":{"start":{"line":20,"column":25},"end":{"line":20,"column":78}},"10":{"start":{"line":21,"column":6},"end":{"line":21,"column":27}},"11":{"start":{"line":23,"column":6},"end":{"line":23,"column":16}},"12":{"start":{"line":29,"column":4},"end":{"line":40,"column":5}},"13":{"start":{"line":30,"column":21},"end":{"line":30,"column":31}},"14":{"start":{"line":31,"column":23},"end":{"line":31,"column":31}},"15":{"start":{"line":32,"column":21},"end":{"line":32,"column":32}},"16":{"start":{"line":33,"column":23},"end":{"line":33,"column":80}},"17":{"start":{"line":34,"column":6},"end":{"line":34,"column":84}},"18":{"start":{"line":34,"column":21},"end":{"line":34,"column":84}},"19":{"start":{"line":35,"column":6},"end":{"line":35,"column":27}},"20":{"start":{"line":36,"column":6},"end":{"line":36,"column":28}},"21":{"start":{"line":37,"column":6},"end":{"line":37,"column":25}},"22":{"start":{"line":39,"column":6},"end":{"line":39,"column":16}},"23":{"start":{"line":45,"column":4},"end":{"line":57,"column":5}},"24":{"start":{"line":46,"column":21},"end":{"line":46,"column":31}},"25":{"start":{"line":47,"column":21},"end":{"line":47,"column":32}},"26":{"start":{"line":48,"column":23},"end":{"line":48,"column":80}},"27":{"start":{"line":49,"column":6},"end":{"line":49,"column":84}},"28":{"start":{"line":49,"column":21},"end":{"line":49,"column":84}},"29":{"start":{"line":50,"column":6},"end":{"line":52,"column":7}},"30":{"start":{"line":51,"column":8},"end":{"line":51,"column":88}},"31":{"start":{"line":53,"column":6},"end":{"line":53,"column":31}},"32":{"start":{"line":54,"column":6},"end":{"line":54,"column":48}},"33":{"start":{"line":56,"column":6},"end":{"line":56,"column":16}},"34":{"start":{"line":61,"column":0},"end":{"line":61,"column":36}}},"fnMap":{"0":{"name":"(anonymous_0)","decl":{"start":{"line":5,"column":2},"end":{"line":5,"column":3}},"loc":{"start":{"line":5,"column":38},"end":{"line":14,"column":3}},"line":5},"1":{"name":"(anonymous_1)","decl":{"start":{"line":17,"column":2},"end":{"line":17,"column":3}},"loc":{"start":{"line":17,"column":39},"end":{"line":25,"column":3}},"line":17},"2":{"name":"(anonymous_2)","decl":{"start":{"line":28,"column":2},"end":{"line":28,"column":3}},"loc":{"start":{"line":28,"column":38},"end":{"line":41,"column":3}},"line":28},"3":{"name":"(anonymous_3)","decl":{"start":{"line":44,"column":2},"end":{"line":44,"column":3}},"loc":{"start":{"line":44,"column":38},"end":{"line":58,"column":3}},"line":44}},"branchMap":{"0":{"loc":{"start":{"line":34,"column":6},"end":{"line":34,"column":84}},"type":"if","locations":[{"start":{"line":34,"column":6},"end":{"line":34,"column":84}},{"start":{},"end":{}}],"line":34},"1":{"loc":{"start":{"line":49,"column":6},"end":{"line":49,"column":84}},"type":"if","locations":[{"start":{"line":49,"column":6},"end":{"line":49,"column":84}},{"start":{},"end":{}}],"line":49},"2":{"loc":{"start":{"line":50,"column":6},"end":{"line":52,"column":7}},"type":"if","locations":[{"start":{"line":50,"column":6},"end":{"line":52,"column":7}},{"start":{},"end":{}}],"line":50}},"s":{"0":2,"1":1,"2":1,"3":1,"4":1,"5":1,"6":0,"7":1,"8":1,"9":1,"10":1,"11":0,"12":1,"13":1,"14":1,"15":1,"16":1,"17":1,"18":0,"19":1,"20":1,"21":1,"22":0,"23":2,"24":2,"25":2,"26":2,"27":2,"28":0,"29":2,"30":1,"31":1,"32":1,"33":0,"34":2},"f":{"0":1,"1":1,"2":1,"3":2},"b":{"0":[0,1],"1":[0,2],"2":[1,1]},"_coverageSchema":"1a1c01bbd47fc00a2c39e90264f33305004495a9","hash":"ef2c1a8d56d6d2ed6daacea96fd75b5588da7a18"}
,"C:\\Users\\donyb\\hacktiv8\\phase2\\IP-HCK83-Doni\\server\\controllers\\EntryController.js": {"path":"C:\\Users\\donyb\\hacktiv8\\phase2\\IP-HCK83-Doni\\server\\controllers\\EntryController.js","statementMap":{"0":{"start":{"line":7,"column":4},"end":{"line":7,"column":24}},"1":{"start":{"line":8,"column":24},"end":{"line":8,"column":62}},"2":{"start":{"line":12,"column":4},"end":{"line":81,"column":5}},"3":{"start":{"line":13,"column":60},"end":{"line":13,"column":68}},"4":{"start":{"line":14,"column":21},"end":{"line":14,"column":32}},"5":{"start":{"line":15,"column":19},"end":{"line":15,"column":46}},"6":{"start":{"line":16,"column":6},"end":{"line":18,"column":7}},"7":{"start":{"line":17,"column":8},"end":{"line":17,"column":57}},"8":{"start":{"line":19,"column":6},"end":{"line":29,"column":7}},"9":{"start":{"line":20,"column":27},"end":{"line":22,"column":10}},"10":{"start":{"line":23,"column":8},"end":{"line":28,"column":9}},"11":{"start":{"line":24,"column":10},"end":{"line":27,"column":12}},"12":{"start":{"line":30,"column":23},"end":{"line":34,"column":8}},"13":{"start":{"line":36,"column":29},"end":{"line":36,"column":59}},"14":{"start":{"line":37,"column":26},"end":{"line":40,"column":8}},"15":{"start":{"line":42,"column":32},"end":{"line":42,"column":34}},"16":{"start":{"line":43,"column":6},"end":{"line":57,"column":7}},"17":{"start":{"line":44,"column":8},"end":{"line":44,"column":42}},"18":{"start":{"line":47,"column":30},"end":{"line":49,"column":10}},"19":{"start":{"line":50,"column":8},"end":{"line":55,"column":9}},"20":{"start":{"line":51,"column":10},"end":{"line":54,"column":13}},"21":{"start":{"line":56,"column":8},"end":{"line":56,"column":51}},"22":{"start":{"line":59,"column":6},"end":{"line":69,"column":7}},"23":{"start":{"line":60,"column":8},"end":{"line":68,"column":9}},"24":{"start":{"line":61,"column":25},"end":{"line":63,"column":12}},"25":{"start":{"line":64,"column":10},"end":{"line":66,"column":11}},"26":{"start":{"line":65,"column":12},"end":{"line":65,"column":71}},"27":{"start":{"line":67,"column":10},"end":{"line":67,"column":48}},"28":{"start":{"line":71,"column":6},"end":{"line":71,"column":62}},"29":{"start":{"line":72,"column":6},"end":{"line":77,"column":7}},"30":{"start":{"line":73,"column":8},"end":{"line":76,"column":11}},"31":{"start":{"line":78,"column":6},"end":{"line":78,"column":61}},"32":{"start":{"line":80,"column":6},"end":{"line":80,"column":18}},"33":{"start":{"line":86,"column":4},"end":{"line":105,"column":5}},"34":{"start":{"line":87,"column":21},"end":{"line":87,"column":32}},"35":{"start":{"line":88,"column":35},"end":{"line":88,"column":44}},"36":{"start":{"line":89,"column":20},"end":{"line":89,"column":38}},"37":{"start":{"line":90,"column":6},"end":{"line":90,"column":34}},"38":{"start":{"line":90,"column":16},"end":{"line":90,"column":34}},"39":{"start":{"line":91,"column":22},"end":{"line":94,"column":7}},"40":{"start":{"line":95,"column":20},"end":{"line":95,"column":59}},"41":{"start":{"line":97,"column":6},"end":{"line":101,"column":7}},"42":{"start":{"line":98,"column":8},"end":{"line":100,"column":10}},"43":{"start":{"line":99,"column":10},"end":{"line":99,"column":62}},"44":{"start":{"line":99,"column":41},"end":{"line":99,"column":61}},"45":{"start":{"line":102,"column":6},"end":{"line":102,"column":36}},"46":{"start":{"line":104,"column":6},"end":{"line":104,"column":18}},"47":{"start":{"line":110,"column":4},"end":{"line":153,"column":5}},"48":{"start":{"line":111,"column":21},"end":{"line":111,"column":31}},"49":{"start":{"line":112,"column":60},"end":{"line":112,"column":68}},"50":{"start":{"line":113,"column":21},"end":{"line":113,"column":32}},"51":{"start":{"line":114,"column":20},"end":{"line":114,"column":74}},"52":{"start":{"line":115,"column":6},"end":{"line":115,"column":78}},"53":{"start":{"line":115,"column":18},"end":{"line":115,"column":78}},"54":{"start":{"line":116,"column":6},"end":{"line":116,"column":43}},"55":{"start":{"line":116,"column":19},"end":{"line":116,"column":43}},"56":{"start":{"line":117,"column":6},"end":{"line":117,"column":34}},"57":{"start":{"line":117,"column":16},"end":{"line":117,"column":34}},"58":{"start":{"line":118,"column":6},"end":{"line":118,"column":25}},"59":{"start":{"line":120,"column":6},"end":{"line":149,"column":7}},"60":{"start":{"line":125,"column":8},"end":{"line":125,"column":70}},"61":{"start":{"line":126,"column":34},"end":{"line":126,"column":36}},"62":{"start":{"line":127,"column":8},"end":{"line":129,"column":9}},"63":{"start":{"line":128,"column":10},"end":{"line":128,"column":44}},"64":{"start":{"line":130,"column":8},"end":{"line":140,"column":9}},"65":{"start":{"line":131,"column":10},"end":{"line":139,"column":11}},"66":{"start":{"line":132,"column":27},"end":{"line":134,"column":14}},"67":{"start":{"line":135,"column":12},"end":{"line":137,"column":13}},"68":{"start":{"line":136,"column":14},"end":{"line":136,"column":73}},"69":{"start":{"line":138,"column":12},"end":{"line":138,"column":50}},"70":{"start":{"line":142,"column":8},"end":{"line":142,"column":64}},"71":{"start":{"line":143,"column":8},"end":{"line":148,"column":9}},"72":{"start":{"line":144,"column":10},"end":{"line":147,"column":13}},"73":{"start":{"line":150,"column":6},"end":{"line":150,"column":52}},"74":{"start":{"line":152,"column":6},"end":{"line":152,"column":16}},"75":{"start":{"line":158,"column":4},"end":{"line":171,"column":5}},"76":{"start":{"line":159,"column":21},"end":{"line":159,"column":31}},"77":{"start":{"line":160,"column":21},"end":{"line":160,"column":32}},"78":{"start":{"line":161,"column":20},"end":{"line":161,"column":74}},"79":{"start":{"line":162,"column":6},"end":{"line":162,"column":78}},"80":{"start":{"line":162,"column":18},"end":{"line":162,"column":78}},"81":{"start":{"line":164,"column":6},"end":{"line":164,"column":66}},"82":{"start":{"line":166,"column":6},"end":{"line":166,"column":68}},"83":{"start":{"line":167,"column":6},"end":{"line":167,"column":28}},"84":{"start":{"line":168,"column":6},"end":{"line":168,"column":45}},"85":{"start":{"line":170,"column":6},"end":{"line":170,"column":16}},"86":{"start":{"line":175,"column":0},"end":{"line":175,"column":33}}},"fnMap":{"0":{"name":"(anonymous_0)","decl":{"start":{"line":11,"column":2},"end":{"line":11,"column":3}},"loc":{"start":{"line":11,"column":38},"end":{"line":82,"column":3}},"line":11},"1":{"name":"(anonymous_1)","decl":{"start":{"line":85,"column":2},"end":{"line":85,"column":3}},"loc":{"start":{"line":85,"column":39},"end":{"line":106,"column":3}},"line":85},"2":{"name":"(anonymous_2)","decl":{"start":{"line":98,"column":33},"end":{"line":98,"column":34}},"loc":{"start":{"line":99,"column":10},"end":{"line":99,"column":62}},"line":99},"3":{"name":"(anonymous_3)","decl":{"start":{"line":99,"column":32},"end":{"line":99,"column":33}},"loc":{"start":{"line":99,"column":41},"end":{"line":99,"column":61}},"line":99},"4":{"name":"(anonymous_4)","decl":{"start":{"line":109,"column":2},"end":{"line":109,"column":3}},"loc":{"start":{"line":109,"column":38},"end":{"line":154,"column":3}},"line":109},"5":{"name":"(anonymous_5)","decl":{"start":{"line":157,"column":2},"end":{"line":157,"column":3}},"loc":{"start":{"line":157,"column":38},"end":{"line":172,"column":3}},"line":157}},"branchMap":{"0":{"loc":{"start":{"line":16,"column":6},"end":{"line":18,"column":7}},"type":"if","locations":[{"start":{"line":16,"column":6},"end":{"line":18,"column":7}},{"start":{},"end":{}}],"line":16},"1":{"loc":{"start":{"line":19,"column":6},"end":{"line":29,"column":7}},"type":"if","locations":[{"start":{"line":19,"column":6},"end":{"line":29,"column":7}},{"start":{},"end":{}}],"line":19},"2":{"loc":{"start":{"line":23,"column":8},"end":{"line":28,"column":9}},"type":"if","locations":[{"start":{"line":23,"column":8},"end":{"line":28,"column":9}},{"start":{},"end":{}}],"line":23},"3":{"loc":{"start":{"line":43,"column":6},"end":{"line":57,"column":7}},"type":"if","locations":[{"start":{"line":43,"column":6},"end":{"line":57,"column":7}},{"start":{"line":45,"column":13},"end":{"line":57,"column":7}}],"line":43},"4":{"loc":{"start":{"line":43,"column":10},"end":{"line":43,"column":62}},"type":"binary-expr","locations":[{"start":{"line":43,"column":10},"end":{"line":43,"column":36}},{"start":{"line":43,"column":40},"end":{"line":43,"column":62}}],"line":43},"5":{"loc":{"start":{"line":50,"column":8},"end":{"line":55,"column":9}},"type":"if","locations":[{"start":{"line":50,"column":8},"end":{"line":55,"column":9}},{"start":{},"end":{}}],"line":50},"6":{"loc":{"start":{"line":59,"column":6},"end":{"line":69,"column":7}},"type":"if","locations":[{"start":{"line":59,"column":6},"end":{"line":69,"column":7}},{"start":{},"end":{}}],"line":59},"7":{"loc":{"start":{"line":59,"column":10},"end":{"line":59,"column":66}},"type":"binary-expr","locations":[{"start":{"line":59,"column":10},"end":{"line":59,"column":38}},{"start":{"line":59,"column":42},"end":{"line":59,"column":66}}],"line":59},"8":{"loc":{"start":{"line":64,"column":10},"end":{"line":66,"column":11}},"type":"if","locations":[{"start":{"line":64,"column":10},"end":{"line":66,"column":11}},{"start":{},"end":{}}],"line":64},"9":{"loc":{"start":{"line":90,"column":6},"end":{"line":90,"column":34}},"type":"if","locations":[{"start":{"line":90,"column":6},"end":{"line":90,"column":34}},{"start":{},"end":{}}],"line":90},"10":{"loc":{"start":{"line":97,"column":6},"end":{"line":101,"column":7}},"type":"if","locations":[{"start":{"line":97,"column":6},"end":{"line":101,"column":7}},{"start":{},"end":{}}],"line":97},"11":{"loc":{"start":{"line":115,"column":6},"end":{"line":115,"column":78}},"type":"if","locations":[{"start":{"line":115,"column":6},"end":{"line":115,"column":78}},{"start":{},"end":{}}],"line":115},"12":{"loc":{"start":{"line":116,"column":6},"end":{"line":116,"column":43}},"type":"if","locations":[{"start":{"line":116,"column":6},"end":{"line":116,"column":43}},{"start":{},"end":{}}],"line":116},"13":{"loc":{"start":{"line":117,"column":6},"end":{"line":117,"column":34}},"type":"if","locations":[{"start":{"line":117,"column":6},"end":{"line":117,"column":34}},{"start":{},"end":{}}],"line":117},"14":{"loc":{"start":{"line":120,"column":6},"end":{"line":149,"column":7}},"type":"if","locations":[{"start":{"line":120,"column":6},"end":{"line":149,"column":7}},{"start":{},"end":{}}],"line":120},"15":{"loc":{"start":{"line":121,"column":8},"end":{"line":122,"column":66}},"type":"binary-expr","locations":[{"start":{"line":121,"column":9},"end":{"line":121,"column":35}},{"start":{"line":121,"column":39},"end":{"line":121,"column":61}},{"start":{"line":122,"column":9},"end":{"line":122,"column":37}},{"start":{"line":122,"column":41},"end":{"line":122,"column":65}}],"line":121},"16":{"loc":{"start":{"line":127,"column":8},"end":{"line":129,"column":9}},"type":"if","locations":[{"start":{"line":127,"column":8},"end":{"line":129,"column":9}},{"start":{},"end":{}}],"line":127},"17":{"loc":{"start":{"line":127,"column":12},"end":{"line":127,"column":64}},"type":"binary-expr","locations":[{"start":{"line":127,"column":12},"end":{"line":127,"column":38}},{"start":{"line":127,"column":42},"end":{"line":127,"column":64}}],"line":127},"18":{"loc":{"start":{"line":130,"column":8},"end":{"line":140,"column":9}},"type":"if","locations":[{"start":{"line":130,"column":8},"end":{"line":140,"column":9}},{"start":{},"end":{}}],"line":130},"19":{"loc":{"start":{"line":130,"column":12},"end":{"line":130,"column":68}},"type":"binary-expr","locations":[{"start":{"line":130,"column":12},"end":{"line":130,"column":40}},{"start":{"line":130,"column":44},"end":{"line":130,"column":68}}],"line":130},"20":{"loc":{"start":{"line":135,"column":12},"end":{"line":137,"column":13}},"type":"if","locations":[{"start":{"line":135,"column":12},"end":{"line":137,"column":13}},{"start":{},"end":{}}],"line":135},"21":{"loc":{"start":{"line":162,"column":6},"end":{"line":162,"column":78}},"type":"if","locations":[{"start":{"line":162,"column":6},"end":{"line":162,"column":78}},{"start":{},"end":{}}],"line":162}},"s":{"0":2,"1":2,"2":6,"3":6,"4":6,"5":6,"6":6,"7":0,"8":6,"9":6,"10":6,"11":0,"12":6,"13":6,"14":5,"15":5,"16":5,"17":0,"18":5,"19":5,"20":0,"21":5,"22":5,"23":0,"24":0,"25":0,"26":0,"27":0,"28":5,"29":5,"30":5,"31":5,"32":0,"33":1,"34":1,"35":1,"36":1,"37":1,"38":0,"39":1,"40":1,"41":1,"42":0,"43":0,"44":0,"45":1,"46":0,"47":2,"48":2,"49":2,"50":2,"51":2,"52":2,"53":1,"54":1,"55":1,"56":1,"57":1,"58":1,"59":1,"60":0,"61":0,"62":0,"63":0,"64":0,"65":0,"66":0,"67":0,"68":0,"69":0,"70":0,"71":0,"72":0,"73":1,"74":0,"75":2,"76":2,"77":2,"78":2,"79":2,"80":1,"81":1,"82":1,"83":1,"84":1,"85":0,"86":2},"f":{"0":6,"1":1,"2":0,"3":0,"4":2,"5":2},"b":{"0":[0,6],"1":[6,0],"2":[0,6],"3":[0,5],"4":[5,0],"5":[0,5],"6":[0,5],"7":[5,0],"8":[0,0],"9":[0,1],"10":[0,1],"11":[1,1],"12":[1,0],"13":[1,0],"14":[0,1],"15":[1,0,1,0],"16":[0,0],"17":[0,0],"18":[0,0],"19":[0,0],"20":[0,0],"21":[1,1]},"_coverageSchema":"1a1c01bbd47fc00a2c39e90264f33305004495a9","hash":"4b5a6c2cf949d0df8cb1e8954a9b18ec11f8d334"}
,"C:\\Users\\donyb\\hacktiv8\\phase2\\IP-HCK83-Doni\\server\\controllers\\TransactionController.js": {"path":"C:\\Users\\donyb\\hacktiv8\\phase2\\IP-HCK83-Doni\\server\\controllers\\TransactionController.js","statementMap":{"0":{"start":{"line":1,"column":30},"end":{"line":1,"column":50}},"1":{"start":{"line":2,"column":23},"end":{"line":2,"column":49}},"2":{"start":{"line":7,"column":4},"end":{"line":43,"column":5}},"3":{"start":{"line":8,"column":21},"end":{"line":8,"column":32}},"4":{"start":{"line":9,"column":19},"end":{"line":9,"column":46}},"5":{"start":{"line":10,"column":6},"end":{"line":10,"column":66}},"6":{"start":{"line":10,"column":17},"end":{"line":10,"column":66}},"7":{"start":{"line":12,"column":22},"end":{"line":12,"column":53}},"8":{"start":{"line":13,"column":26},"end":{"line":17,"column":8}},"9":{"start":{"line":19,"column":19},"end":{"line":23,"column":8}},"10":{"start":{"line":24,"column":24},"end":{"line":32,"column":7}},"11":{"start":{"line":33,"column":26},"end":{"line":33,"column":65}},"12":{"start":{"line":34,"column":6},"end":{"line":34,"column":57}},"13":{"start":{"line":35,"column":6},"end":{"line":35,"column":31}},"14":{"start":{"line":36,"column":6},"end":{"line":39,"column":9}},"15":{"start":{"line":41,"column":6},"end":{"line":41,"column":44}},"16":{"start":{"line":42,"column":6},"end":{"line":42,"column":16}},"17":{"start":{"line":48,"column":4},"end":{"line":73,"column":5}},"18":{"start":{"line":49,"column":20},"end":{"line":49,"column":28}},"19":{"start":{"line":50,"column":22},"end":{"line":50,"column":36}},"20":{"start":{"line":51,"column":32},"end":{"line":51,"column":56}},"21":{"start":{"line":52,"column":26},"end":{"line":52,"column":44}},"22":{"start":{"line":54,"column":26},"end":{"line":54,"column":75}},"23":{"start":{"line":55,"column":6},"end":{"line":55,"column":80}},"24":{"start":{"line":55,"column":24},"end":{"line":55,"column":80}},"25":{"start":{"line":57,"column":6},"end":{"line":57,"column":45}},"26":{"start":{"line":58,"column":6},"end":{"line":58,"column":31}},"27":{"start":{"line":60,"column":6},"end":{"line":69,"column":7}},"28":{"start":{"line":64,"column":21},"end":{"line":64,"column":60}},"29":{"start":{"line":65,"column":8},"end":{"line":68,"column":9}},"30":{"start":{"line":66,"column":10},"end":{"line":66,"column":32}},"31":{"start":{"line":67,"column":10},"end":{"line":67,"column":28}},"32":{"start":{"line":70,"column":6},"end":{"line":70,"column":66}},"33":{"start":{"line":72,"column":6},"end":{"line":72,"column":16}},"34":{"start":{"line":77,"column":0},"end":{"line":77,"column":39}}},"fnMap":{"0":{"name":"(anonymous_0)","decl":{"start":{"line":6,"column":2},"end":{"line":6,"column":3}},"loc":{"start":{"line":6,"column":49},"end":{"line":44,"column":3}},"line":6},"1":{"name":"(anonymous_1)","decl":{"start":{"line":47,"column":2},"end":{"line":47,"column":3}},"loc":{"start":{"line":47,"column":52},"end":{"line":74,"column":3}},"line":47}},"branchMap":{"0":{"loc":{"start":{"line":10,"column":6},"end":{"line":10,"column":66}},"type":"if","locations":[{"start":{"line":10,"column":6},"end":{"line":10,"column":66}},{"start":{},"end":{}}],"line":10},"1":{"loc":{"start":{"line":55,"column":6},"end":{"line":55,"column":80}},"type":"if","locations":[{"start":{"line":55,"column":6},"end":{"line":55,"column":80}},{"start":{},"end":{}}],"line":55},"2":{"loc":{"start":{"line":60,"column":6},"end":{"line":69,"column":7}},"type":"if","locations":[{"start":{"line":60,"column":6},"end":{"line":69,"column":7}},{"start":{},"end":{}}],"line":60},"3":{"loc":{"start":{"line":61,"column":8},"end":{"line":62,"column":69}},"type":"binary-expr","locations":[{"start":{"line":61,"column":8},"end":{"line":61,"column":42}},{"start":{"line":62,"column":9},"end":{"line":62,"column":40}},{"start":{"line":62,"column":44},"end":{"line":62,"column":68}}],"line":61},"4":{"loc":{"start":{"line":65,"column":8},"end":{"line":68,"column":9}},"type":"if","locations":[{"start":{"line":65,"column":8},"end":{"line":68,"column":9}},{"start":{},"end":{}}],"line":65}},"s":{"0":2,"1":2,"2":1,"3":1,"4":1,"5":1,"6":0,"7":1,"8":1,"9":1,"10":1,"11":1,"12":0,"13":0,"14":0,"15":1,"16":1,"17":0,"18":0,"19":0,"20":0,"21":0,"22":0,"23":0,"24":0,"25":0,"26":0,"27":0,"28":0,"29":0,"30":0,"31":0,"32":0,"33":0,"34":2},"f":{"0":1,"1":0},"b":{"0":[0,1],"1":[0,0],"2":[0,0],"3":[0,0,0],"4":[0,0]},"_coverageSchema":"1a1c01bbd47fc00a2c39e90264f33305004495a9","hash":"d179b7f2600f356c30a6c7ae223d657b75e667ac"}
,"C:\\Users\\donyb\\hacktiv8\\phase2\\IP-HCK83-Doni\\server\\controllers\\UserController.js": {"path":"C:\\Users\\donyb\\hacktiv8\\phase2\\IP-HCK83-Doni\\server\\controllers\\UserController.js","statementMap":{"0":{"start":{"line":1,"column":27},"end":{"line":1,"column":47}},"1":{"start":{"line":2,"column":0},"end":{"line":2,"column":27}},"2":{"start":{"line":6,"column":4},"end":{"line":27,"column":5}},"3":{"start":{"line":7,"column":44},"end":{"line":7,"column":52}},"4":{"start":{"line":9,"column":22},"end":{"line":13,"column":8}},"5":{"start":{"line":15,"column":6},"end":{"line":15,"column":69}},"6":{"start":{"line":17,"column":6},"end":{"line":24,"column":9}},"7":{"start":{"line":26,"column":6},"end":{"line":26,"column":18}},"8":{"start":{"line":31,"column":4},"end":{"line":67,"column":5}},"9":{"start":{"line":32,"column":34},"end":{"line":32,"column":42}},"10":{"start":{"line":34,"column":19},"end":{"line":34,"column":59}},"11":{"start":{"line":36,"column":6},"end":{"line":38,"column":7}},"12":{"start":{"line":37,"column":8},"end":{"line":37,"column":68}},"13":{"start":{"line":40,"column":28},"end":{"line":43,"column":7}},"14":{"start":{"line":44,"column":6},"end":{"line":46,"column":7}},"15":{"start":{"line":45,"column":8},"end":{"line":45,"column":68}},"16":{"start":{"line":48,"column":22},"end":{"line":51,"column":7}},"17":{"start":{"line":53,"column":20},"end":{"line":56,"column":7}},"18":{"start":{"line":58,"column":6},"end":{"line":64,"column":9}},"19":{"start":{"line":66,"column":6},"end":{"line":66,"column":18}},"20":{"start":{"line":71,"column":4},"end":{"line":111,"column":5}},"21":{"start":{"line":72,"column":29},"end":{"line":72,"column":37}},"22":{"start":{"line":73,"column":31},"end":{"line":73,"column":61}},"23":{"start":{"line":74,"column":21},"end":{"line":74,"column":67}},"24":{"start":{"line":77,"column":21},"end":{"line":80,"column":8}},"25":{"start":{"line":81,"column":22},"end":{"line":81,"column":41}},"26":{"start":{"line":82,"column":20},"end":{"line":82,"column":33}},"27":{"start":{"line":83,"column":23},"end":{"line":83,"column":35}},"28":{"start":{"line":86,"column":17},"end":{"line":86,"column":57}},"29":{"start":{"line":87,"column":6},"end":{"line":94,"column":7}},"30":{"start":{"line":88,"column":8},"end":{"line":92,"column":11}},"31":{"start":{"line":93,"column":8},"end":{"line":93,"column":68}},"32":{"start":{"line":97,"column":25},"end":{"line":97,"column":57}},"33":{"start":{"line":98,"column":20},"end":{"line":98,"column":84}},"34":{"start":{"line":100,"column":6},"end":{"line":108,"column":9}},"35":{"start":{"line":110,"column":6},"end":{"line":110,"column":18}},"36":{"start":{"line":115,"column":0},"end":{"line":115,"column":32}}},"fnMap":{"0":{"name":"(anonymous_0)","decl":{"start":{"line":5,"column":2},"end":{"line":5,"column":3}},"loc":{"start":{"line":5,"column":40},"end":{"line":28,"column":3}},"line":5},"1":{"name":"(anonymous_1)","decl":{"start":{"line":30,"column":2},"end":{"line":30,"column":3}},"loc":{"start":{"line":30,"column":37},"end":{"line":68,"column":3}},"line":30},"2":{"name":"(anonymous_2)","decl":{"start":{"line":70,"column":2},"end":{"line":70,"column":3}},"loc":{"start":{"line":70,"column":43},"end":{"line":112,"column":3}},"line":70}},"branchMap":{"0":{"loc":{"start":{"line":36,"column":6},"end":{"line":38,"column":7}},"type":"if","locations":[{"start":{"line":36,"column":6},"end":{"line":38,"column":7}},{"start":{},"end":{}}],"line":36},"1":{"loc":{"start":{"line":44,"column":6},"end":{"line":46,"column":7}},"type":"if","locations":[{"start":{"line":44,"column":6},"end":{"line":46,"column":7}},{"start":{},"end":{}}],"line":44},"2":{"loc":{"start":{"line":87,"column":6},"end":{"line":94,"column":7}},"type":"if","locations":[{"start":{"line":87,"column":6},"end":{"line":94,"column":7}},{"start":{},"end":{}}],"line":87}},"s":{"0":2,"1":2,"2":3,"3":3,"4":3,"5":2,"6":2,"7":1,"8":3,"9":3,"10":3,"11":3,"12":0,"13":3,"14":3,"15":1,"16":2,"17":2,"18":2,"19":1,"20":1,"21":1,"22":1,"23":1,"24":1,"25":1,"26":1,"27":1,"28":1,"29":1,"30":1,"31":1,"32":1,"33":1,"34":1,"35":0,"36":2},"f":{"0":3,"1":3,"2":1},"b":{"0":[0,3],"1":[1,2],"2":[1,0]},"_coverageSchema":"1a1c01bbd47fc00a2c39e90264f33305004495a9","hash":"693cfae5f6ea855bba2359b476aae126c2fb85c4"}
,"C:\\Users\\donyb\\hacktiv8\\phase2\\IP-HCK83-Doni\\server\\middlewares\\authenticate.js": {"path":"C:\\Users\\donyb\\hacktiv8\\phase2\\IP-HCK83-Doni\\server\\middlewares\\authenticate.js","statementMap":{"0":{"start":{"line":1,"column":12},"end":{"line":1,"column":35}},"1":{"start":{"line":2,"column":17},"end":{"line":2,"column":37}},"2":{"start":{"line":4,"column":0},"end":{"line":19,"column":2}},"3":{"start":{"line":5,"column":2},"end":{"line":18,"column":3}},"4":{"start":{"line":6,"column":23},"end":{"line":6,"column":77}},"5":{"start":{"line":7,"column":4},"end":{"line":9,"column":5}},"6":{"start":{"line":8,"column":6},"end":{"line":8,"column":75}},"7":{"start":{"line":10,"column":18},"end":{"line":10,"column":42}},"8":{"start":{"line":11,"column":20},"end":{"line":11,"column":61}},"9":{"start":{"line":12,"column":17},"end":{"line":12,"column":48}},"10":{"start":{"line":13,"column":4},"end":{"line":13,"column":72}},"11":{"start":{"line":13,"column":15},"end":{"line":13,"column":72}},"12":{"start":{"line":14,"column":4},"end":{"line":14,"column":48}},"13":{"start":{"line":15,"column":4},"end":{"line":15,"column":11}},"14":{"start":{"line":17,"column":4},"end":{"line":17,"column":54}}},"fnMap":{"0":{"name":"authenticate","decl":{"start":{"line":4,"column":32},"end":{"line":4,"column":44}},"loc":{"start":{"line":4,"column":61},"end":{"line":19,"column":1}},"line":4}},"branchMap":{"0":{"loc":{"start":{"line":6,"column":23},"end":{"line":6,"column":77}},"type":"binary-expr","locations":[{"start":{"line":6,"column":23},"end":{"line":6,"column":48}},{"start":{"line":6,"column":52},"end":{"line":6,"column":77}}],"line":6},"1":{"loc":{"start":{"line":7,"column":4},"end":{"line":9,"column":5}},"type":"if","locations":[{"start":{"line":7,"column":4},"end":{"line":9,"column":5}},{"start":{},"end":{}}],"line":7},"2":{"loc":{"start":{"line":7,"column":8},"end":{"line":7,"column":56}},"type":"binary-expr","locations":[{"start":{"line":7,"column":8},"end":{"line":7,"column":19}},{"start":{"line":7,"column":23},"end":{"line":7,"column":56}}],"line":7},"3":{"loc":{"start":{"line":13,"column":4},"end":{"line":13,"column":72}},"type":"if","locations":[{"start":{"line":13,"column":4},"end":{"line":13,"column":72}},{"start":{},"end":{}}],"line":13}},"s":{"0":2,"1":2,"2":2,"3":20,"4":20,"5":20,"6":2,"7":18,"8":18,"9":17,"10":17,"11":0,"12":17,"13":17,"14":1},"f":{"0":20},"b":{"0":[20,2],"1":[2,18],"2":[20,18],"3":[0,17]},"_coverageSchema":"1a1c01bbd47fc00a2c39e90264f33305004495a9","hash":"9cffe2381585ed88df9e8a0e4fdda2846c238be3"}
,"C:\\Users\\donyb\\hacktiv8\\phase2\\IP-HCK83-Doni\\server\\middlewares\\errorHandler.js": {"path":"C:\\Users\\donyb\\hacktiv8\\phase2\\IP-HCK83-Doni\\server\\middlewares\\errorHandler.js","statementMap":{"0":{"start":{"line":2,"column":0},"end":{"line":20,"column":2}},"1":{"start":{"line":4,"column":17},"end":{"line":4,"column":34}},"2":{"start":{"line":5,"column":16},"end":{"line":5,"column":54}},"3":{"start":{"line":8,"column":2},"end":{"line":11,"column":3}},"4":{"start":{"line":9,"column":4},"end":{"line":9,"column":50}},"5":{"start":{"line":10,"column":4},"end":{"line":10,"column":45}},"6":{"start":{"line":14,"column":2},"end":{"line":16,"column":3}},"7":{"start":{"line":15,"column":4},"end":{"line":15,"column":73}},"8":{"start":{"line":19,"column":2},"end":{"line":19,"column":39}}},"fnMap":{"0":{"name":"(anonymous_0)","decl":{"start":{"line":2,"column":17},"end":{"line":2,"column":18}},"loc":{"start":{"line":2,"column":42},"end":{"line":20,"column":1}},"line":2}},"branchMap":{"0":{"loc":{"start":{"line":4,"column":17},"end":{"line":4,"column":34}},"type":"binary-expr","locations":[{"start":{"line":4,"column":17},"end":{"line":4,"column":27}},{"start":{"line":4,"column":31},"end":{"line":4,"column":34}}],"line":4},"1":{"loc":{"start":{"line":5,"column":16},"end":{"line":5,"column":54}},"type":"binary-expr","locations":[{"start":{"line":5,"column":16},"end":{"line":5,"column":27}},{"start":{"line":5,"column":31},"end":{"line":5,"column":54}}],"line":5},"2":{"loc":{"start":{"line":8,"column":2},"end":{"line":11,"column":3}},"type":"if","locations":[{"start":{"line":8,"column":2},"end":{"line":11,"column":3}},{"start":{},"end":{}}],"line":8},"3":{"loc":{"start":{"line":8,"column":6},"end":{"line":8,"column":94}},"type":"binary-expr","locations":[{"start":{"line":8,"column":6},"end":{"line":8,"column":45}},{"start":{"line":8,"column":49},"end":{"line":8,"column":94}}],"line":8},"4":{"loc":{"start":{"line":9,"column":14},"end":{"line":9,"column":49}},"type":"binary-expr","locations":[{"start":{"line":9,"column":14},"end":{"line":9,"column":38}},{"start":{"line":9,"column":42},"end":{"line":9,"column":49}}],"line":9},"5":{"loc":{"start":{"line":14,"column":2},"end":{"line":16,"column":3}},"type":"if","locations":[{"start":{"line":14,"column":2},"end":{"line":16,"column":3}},{"start":{},"end":{}}],"line":14},"6":{"loc":{"start":{"line":14,"column":6},"end":{"line":14,"column":74}},"type":"binary-expr","locations":[{"start":{"line":14,"column":6},"end":{"line":14,"column":38}},{"start":{"line":14,"column":42},"end":{"line":14,"column":74}}],"line":14}},"s":{"0":2,"1":3,"2":3,"3":3,"4":1,"5":1,"6":2,"7":0,"8":2},"f":{"0":3},"b":{"0":[3,2],"1":[3,0],"2":[1,2],"3":[3,2],"4":[1,0],"5":[0,2],"6":[2,2]},"_coverageSchema":"1a1c01bbd47fc00a2c39e90264f33305004495a9","hash":"b25dd2057b5f08ffd141f8569f97d7a4ed67f47a"}
,"C:\\Users\\donyb\\hacktiv8\\phase2\\IP-HCK83-Doni\\server\\models\\category.js": {"path":"C:\\Users\\donyb\\hacktiv8\\phase2\\IP-HCK83-Doni\\server\\models\\category.js","statementMap":{"0":{"start":{"line":2,"column":18},"end":{"line":2,"column":38}},"1":{"start":{"line":3,"column":0},"end":{"line":21,"column":2}},"2":{"start":{"line":6,"column":6},"end":{"line":6,"column":78}},"3":{"start":{"line":7,"column":6},"end":{"line":7,"column":64}},"4":{"start":{"line":10,"column":2},"end":{"line":19,"column":4}},"5":{"start":{"line":20,"column":2},"end":{"line":20,"column":18}}},"fnMap":{"0":{"name":"(anonymous_0)","decl":{"start":{"line":3,"column":17},"end":{"line":3,"column":18}},"loc":{"start":{"line":3,"column":43},"end":{"line":21,"column":1}},"line":3},"1":{"name":"(anonymous_1)","decl":{"start":{"line":5,"column":4},"end":{"line":5,"column":5}},"loc":{"start":{"line":5,"column":29},"end":{"line":8,"column":5}},"line":5}},"branchMap":{},"s":{"0":2,"1":2,"2":2,"3":2,"4":2,"5":2},"f":{"0":2,"1":2},"b":{},"_coverageSchema":"1a1c01bbd47fc00a2c39e90264f33305004495a9","hash":"f2e6a14cec41b51f854fe5ad3ac0aa3823116d0d"}
,"C:\\Users\\donyb\\hacktiv8\\phase2\\IP-HCK83-Doni\\server\\models\\entry.js": {"path":"C:\\Users\\donyb\\hacktiv8\\phase2\\IP-HCK83-Doni\\server\\models\\entry.js","statementMap":{"0":{"start":{"line":2,"column":18},"end":{"line":2,"column":38}},"1":{"start":{"line":3,"column":0},"end":{"line":31,"column":2}},"2":{"start":{"line":6,"column":6},"end":{"line":6,"column":61}},"3":{"start":{"line":7,"column":6},"end":{"line":7,"column":66}},"4":{"start":{"line":8,"column":6},"end":{"line":8,"column":78}},"5":{"start":{"line":11,"column":2},"end":{"line":29,"column":4}},"6":{"start":{"line":30,"column":2},"end":{"line":30,"column":15}}},"fnMap":{"0":{"name":"(anonymous_0)","decl":{"start":{"line":3,"column":17},"end":{"line":3,"column":18}},"loc":{"start":{"line":3,"column":43},"end":{"line":31,"column":1}},"line":3},"1":{"name":"(anonymous_1)","decl":{"start":{"line":5,"column":4},"end":{"line":5,"column":5}},"loc":{"start":{"line":5,"column":29},"end":{"line":9,"column":5}},"line":5}},"branchMap":{},"s":{"0":2,"1":2,"2":2,"3":2,"4":2,"5":2,"6":2},"f":{"0":2,"1":2},"b":{},"_coverageSchema":"1a1c01bbd47fc00a2c39e90264f33305004495a9","hash":"13e46fa53e94edc91672974b1f69db1ced50dc34"}
,"C:\\Users\\donyb\\hacktiv8\\phase2\\IP-HCK83-Doni\\server\\models\\entrycategory.js": {"path":"C:\\Users\\donyb\\hacktiv8\\phase2\\IP-HCK83-Doni\\server\\models\\entrycategory.js","statementMap":{"0":{"start":{"line":2,"column":18},"end":{"line":2,"column":38}},"1":{"start":{"line":3,"column":0},"end":{"line":37,"column":2}},"2":{"start":{"line":6,"column":6},"end":{"line":6,"column":71}},"3":{"start":{"line":7,"column":6},"end":{"line":7,"column":77}},"4":{"start":{"line":10,"column":2},"end":{"line":35,"column":4}},"5":{"start":{"line":36,"column":2},"end":{"line":36,"column":23}}},"fnMap":{"0":{"name":"(anonymous_0)","decl":{"start":{"line":3,"column":17},"end":{"line":3,"column":18}},"loc":{"start":{"line":3,"column":43},"end":{"line":37,"column":1}},"line":3},"1":{"name":"(anonymous_1)","decl":{"start":{"line":5,"column":4},"end":{"line":5,"column":5}},"loc":{"start":{"line":5,"column":29},"end":{"line":8,"column":5}},"line":5}},"branchMap":{},"s":{"0":2,"1":2,"2":2,"3":2,"4":2,"5":2},"f":{"0":2,"1":2},"b":{},"_coverageSchema":"1a1c01bbd47fc00a2c39e90264f33305004495a9","hash":"ab918c9340bf5af483c3c26a8fc3ab0adf6e4d41"}
,"C:\\Users\\donyb\\hacktiv8\\phase2\\IP-HCK83-Doni\\server\\models\\index.js": {"path":"C:\\Users\\donyb\\hacktiv8\\phase2\\IP-HCK83-Doni\\server\\models\\index.js","statementMap":{"0":{"start":{"line":3,"column":11},"end":{"line":3,"column":24}},"1":{"start":{"line":4,"column":13},"end":{"line":4,"column":28}},"2":{"start":{"line":5,"column":18},"end":{"line":5,"column":38}},"3":{"start":{"line":6,"column":16},"end":{"line":6,"column":34}},"4":{"start":{"line":7,"column":17},"end":{"line":7,"column":42}},"5":{"start":{"line":8,"column":12},"end":{"line":8,"column":49}},"6":{"start":{"line":9,"column":15},"end":{"line":9,"column":65}},"7":{"start":{"line":10,"column":11},"end":{"line":10,"column":13}},"8":{"start":{"line":13,"column":0},"end":{"line":17,"column":1}},"9":{"start":{"line":14,"column":2},"end":{"line":14,"column":74}},"10":{"start":{"line":16,"column":2},"end":{"line":16,"column":87}},"11":{"start":{"line":19,"column":0},"end":{"line":32,"column":5}},"12":{"start":{"line":22,"column":4},"end":{"line":27,"column":6}},"13":{"start":{"line":30,"column":18},"end":{"line":30,"column":85}},"14":{"start":{"line":31,"column":4},"end":{"line":31,"column":27}},"15":{"start":{"line":34,"column":0},"end":{"line":38,"column":3}},"16":{"start":{"line":35,"column":2},"end":{"line":37,"column":3}},"17":{"start":{"line":36,"column":4},"end":{"line":36,"column":32}},"18":{"start":{"line":40,"column":0},"end":{"line":40,"column":25}},"19":{"start":{"line":41,"column":0},"end":{"line":41,"column":25}},"20":{"start":{"line":43,"column":0},"end":{"line":43,"column":20}}},"fnMap":{"0":{"name":"(anonymous_0)","decl":{"start":{"line":21,"column":10},"end":{"line":21,"column":11}},"loc":{"start":{"line":21,"column":18},"end":{"line":28,"column":3}},"line":21},"1":{"name":"(anonymous_1)","decl":{"start":{"line":29,"column":11},"end":{"line":29,"column":12}},"loc":{"start":{"line":29,"column":19},"end":{"line":32,"column":3}},"line":29},"2":{"name":"(anonymous_2)","decl":{"start":{"line":34,"column":24},"end":{"line":34,"column":25}},"loc":{"start":{"line":34,"column":37},"end":{"line":38,"column":1}},"line":34}},"branchMap":{"0":{"loc":{"start":{"line":8,"column":12},"end":{"line":8,"column":49}},"type":"binary-expr","locations":[{"start":{"line":8,"column":12},"end":{"line":8,"column":32}},{"start":{"line":8,"column":36},"end":{"line":8,"column":49}}],"line":8},"1":{"loc":{"start":{"line":13,"column":0},"end":{"line":17,"column":1}},"type":"if","locations":[{"start":{"line":13,"column":0},"end":{"line":17,"column":1}},{"start":{"line":15,"column":7},"end":{"line":17,"column":1}}],"line":13},"2":{"loc":{"start":{"line":23,"column":6},"end":{"line":26,"column":37}},"type":"binary-expr","locations":[{"start":{"line":23,"column":6},"end":{"line":23,"column":29}},{"start":{"line":24,"column":6},"end":{"line":24,"column":23}},{"start":{"line":25,"column":6},"end":{"line":25,"column":30}},{"start":{"line":26,"column":6},"end":{"line":26,"column":37}}],"line":23},"3":{"loc":{"start":{"line":35,"column":2},"end":{"line":37,"column":3}},"type":"if","locations":[{"start":{"line":35,"column":2},"end":{"line":37,"column":3}},{"start":{},"end":{}}],"line":35}},"s":{"0":2,"1":2,"2":2,"3":2,"4":2,"5":2,"6":2,"7":2,"8":2,"9":0,"10":2,"11":2,"12":14,"13":12,"14":12,"15":2,"16":12,"17":12,"18":2,"19":2,"20":2},"f":{"0":14,"1":12,"2":12},"b":{"0":[2,0],"1":[0,2],"2":[14,14,12,12],"3":[12,0]},"_coverageSchema":"1a1c01bbd47fc00a2c39e90264f33305004495a9","hash":"5529c40d3427590416c409e8d367cb9a942c3626"}
,"C:\\Users\\donyb\\hacktiv8\\phase2\\IP-HCK83-Doni\\server\\models\\transaction.js": {"path":"C:\\Users\\donyb\\hacktiv8\\phase2\\IP-HCK83-Doni\\server\\models\\transaction.js","statementMap":{"0":{"start":{"line":2,"column":18},"end":{"line":2,"column":38}},"1":{"start":{"line":3,"column":0},"end":{"line":30,"column":2}},"2":{"start":{"line":6,"column":6},"end":{"line":6,"column":67}},"3":{"start":{"line":9,"column":2},"end":{"line":28,"column":4}},"4":{"start":{"line":29,"column":2},"end":{"line":29,"column":21}}},"fnMap":{"0":{"name":"(anonymous_0)","decl":{"start":{"line":3,"column":17},"end":{"line":3,"column":18}},"loc":{"start":{"line":3,"column":43},"end":{"line":30,"column":1}},"line":3},"1":{"name":"(anonymous_1)","decl":{"start":{"line":5,"column":4},"end":{"line":5,"column":5}},"loc":{"start":{"line":5,"column":29},"end":{"line":7,"column":5}},"line":5}},"branchMap":{},"s":{"0":2,"1":2,"2":2,"3":2,"4":2},"f":{"0":2,"1":2},"b":{},"_coverageSchema":"1a1c01bbd47fc00a2c39e90264f33305004495a9","hash":"233e123d8958e8ea675a67ac8ca43bb84c8b940e"}
,"C:\\Users\\donyb\\hacktiv8\\phase2\\IP-HCK83-Doni\\server\\models\\translation.js": {"path":"C:\\Users\\donyb\\hacktiv8\\phase2\\IP-HCK83-Doni\\server\\models\\translation.js","statementMap":{"0":{"start":{"line":2,"column":18},"end":{"line":2,"column":38}},"1":{"start":{"line":3,"column":0},"end":{"line":28,"column":2}},"2":{"start":{"line":6,"column":6},"end":{"line":6,"column":69}},"3":{"start":{"line":9,"column":2},"end":{"line":26,"column":4}},"4":{"start":{"line":27,"column":2},"end":{"line":27,"column":21}}},"fnMap":{"0":{"name":"(anonymous_0)","decl":{"start":{"line":3,"column":17},"end":{"line":3,"column":18}},"loc":{"start":{"line":3,"column":43},"end":{"line":28,"column":1}},"line":3},"1":{"name":"(anonymous_1)","decl":{"start":{"line":5,"column":4},"end":{"line":5,"column":5}},"loc":{"start":{"line":5,"column":29},"end":{"line":7,"column":5}},"line":5}},"branchMap":{},"s":{"0":2,"1":2,"2":2,"3":2,"4":2},"f":{"0":2,"1":2},"b":{},"_coverageSchema":"1a1c01bbd47fc00a2c39e90264f33305004495a9","hash":"493bb76c34fd0fca6025f514861064d27863245a"}
,"C:\\Users\\donyb\\hacktiv8\\phase2\\IP-HCK83-Doni\\server\\models\\user.js": {"path":"C:\\Users\\donyb\\hacktiv8\\phase2\\IP-HCK83-Doni\\server\\models\\user.js","statementMap":{"0":{"start":{"line":2,"column":18},"end":{"line":2,"column":38}},"1":{"start":{"line":3,"column":0},"end":{"line":91,"column":2}},"2":{"start":{"line":11,"column":6},"end":{"line":11,"column":59}},"3":{"start":{"line":12,"column":6},"end":{"line":12,"column":65}},"4":{"start":{"line":15,"column":2},"end":{"line":77,"column":4}},"5":{"start":{"line":78,"column":2},"end":{"line":82,"column":5}},"6":{"start":{"line":79,"column":19},"end":{"line":79,"column":38}},"7":{"start":{"line":80,"column":23},"end":{"line":80,"column":25}},"8":{"start":{"line":81,"column":4},"end":{"line":81,"column":65}},"9":{"start":{"line":83,"column":2},"end":{"line":89,"column":5}},"10":{"start":{"line":84,"column":4},"end":{"line":88,"column":5}},"11":{"start":{"line":85,"column":21},"end":{"line":85,"column":40}},"12":{"start":{"line":86,"column":25},"end":{"line":86,"column":27}},"13":{"start":{"line":87,"column":6},"end":{"line":87,"column":67}},"14":{"start":{"line":90,"column":2},"end":{"line":90,"column":14}}},"fnMap":{"0":{"name":"(anonymous_0)","decl":{"start":{"line":3,"column":17},"end":{"line":3,"column":18}},"loc":{"start":{"line":3,"column":43},"end":{"line":91,"column":1}},"line":3},"1":{"name":"(anonymous_1)","decl":{"start":{"line":10,"column":4},"end":{"line":10,"column":5}},"loc":{"start":{"line":10,"column":29},"end":{"line":13,"column":5}},"line":10},"2":{"name":"(anonymous_2)","decl":{"start":{"line":78,"column":20},"end":{"line":78,"column":21}},"loc":{"start":{"line":78,"column":36},"end":{"line":82,"column":3}},"line":78},"3":{"name":"(anonymous_3)","decl":{"start":{"line":83,"column":20},"end":{"line":83,"column":21}},"loc":{"start":{"line":83,"column":36},"end":{"line":89,"column":3}},"line":83}},"branchMap":{"0":{"loc":{"start":{"line":84,"column":4},"end":{"line":88,"column":5}},"type":"if","locations":[{"start":{"line":84,"column":4},"end":{"line":88,"column":5}},{"start":{},"end":{}}],"line":84}},"s":{"0":2,"1":2,"2":2,"3":2,"4":2,"5":2,"6":3,"7":3,"8":3,"9":2,"10":0,"11":0,"12":0,"13":0,"14":2},"f":{"0":2,"1":2,"2":3,"3":0},"b":{"0":[0,0]},"_coverageSchema":"1a1c01bbd47fc00a2c39e90264f33305004495a9","hash":"6412e3c6b9c20590b951d2350ae71d1be919e4ea"}
,"C:\\Users\\donyb\\hacktiv8\\phase2\\IP-HCK83-Doni\\server\\routers\\authrouters.js": {"path":"C:\\Users\\donyb\\hacktiv8\\phase2\\IP-HCK83-Doni\\server\\routers\\authrouters.js","statementMap":{"0":{"start":{"line":1,"column":23},"end":{"line":1,"column":63}},"1":{"start":{"line":3,"column":15},"end":{"line":3,"column":42}},"2":{"start":{"line":5,"column":0},"end":{"line":5,"column":50}},"3":{"start":{"line":6,"column":0},"end":{"line":6,"column":44}},"4":{"start":{"line":7,"column":0},"end":{"line":7,"column":57}},"5":{"start":{"line":9,"column":0},"end":{"line":9,"column":24}}},"fnMap":{},"branchMap":{},"s":{"0":2,"1":2,"2":2,"3":2,"4":2,"5":2},"f":{},"b":{},"_coverageSchema":"1a1c01bbd47fc00a2c39e90264f33305004495a9","hash":"f1e2d25f6258471d7423218f8a01eb6260a57571"}
,"C:\\Users\\donyb\\hacktiv8\\phase2\\IP-HCK83-Doni\\server\\routers\\categoryrouters.js": {"path":"C:\\Users\\donyb\\hacktiv8\\phase2\\IP-HCK83-Doni\\server\\routers\\categoryrouters.js","statementMap":{"0":{"start":{"line":1,"column":16},"end":{"line":1,"column":34}},"1":{"start":{"line":2,"column":15},"end":{"line":2,"column":31}},"2":{"start":{"line":3,"column":27},"end":{"line":3,"column":71}},"3":{"start":{"line":4,"column":21},"end":{"line":4,"column":59}},"4":{"start":{"line":6,"column":0},"end":{"line":6,"column":25}},"5":{"start":{"line":7,"column":0},"end":{"line":7,"column":44}},"6":{"start":{"line":8,"column":0},"end":{"line":8,"column":44}},"7":{"start":{"line":9,"column":0},"end":{"line":9,"column":46}},"8":{"start":{"line":10,"column":0},"end":{"line":10,"column":49}},"9":{"start":{"line":12,"column":0},"end":{"line":12,"column":24}}},"fnMap":{},"branchMap":{},"s":{"0":2,"1":2,"2":2,"3":2,"4":2,"5":2,"6":2,"7":2,"8":2,"9":2},"f":{},"b":{},"_coverageSchema":"1a1c01bbd47fc00a2c39e90264f33305004495a9","hash":"ce2a748ebf60206264c8bec0fe6802b8722a7398"}
,"C:\\Users\\donyb\\hacktiv8\\phase2\\IP-HCK83-Doni\\server\\routers\\entryrouters.js": {"path":"C:\\Users\\donyb\\hacktiv8\\phase2\\IP-HCK83-Doni\\server\\routers\\entryrouters.js","statementMap":{"0":{"start":{"line":1,"column":16},"end":{"line":1,"column":34}},"1":{"start":{"line":2,"column":15},"end":{"line":2,"column":31}},"2":{"start":{"line":3,"column":24},"end":{"line":3,"column":65}},"3":{"start":{"line":4,"column":21},"end":{"line":4,"column":59}},"4":{"start":{"line":6,"column":0},"end":{"line":6,"column":25}},"5":{"start":{"line":7,"column":0},"end":{"line":7,"column":41}},"6":{"start":{"line":8,"column":0},"end":{"line":8,"column":41}},"7":{"start":{"line":9,"column":0},"end":{"line":9,"column":43}},"8":{"start":{"line":10,"column":0},"end":{"line":10,"column":46}},"9":{"start":{"line":12,"column":0},"end":{"line":12,"column":24}}},"fnMap":{},"branchMap":{},"s":{"0":2,"1":2,"2":2,"3":2,"4":2,"5":2,"6":2,"7":2,"8":2,"9":2},"f":{},"b":{},"_coverageSchema":"1a1c01bbd47fc00a2c39e90264f33305004495a9","hash":"c4b48a4f0bc56822453f12873fe6defa535e43be"}
,"C:\\Users\\donyb\\hacktiv8\\phase2\\IP-HCK83-Doni\\server\\routers\\index.js": {"path":"C:\\Users\\donyb\\hacktiv8\\phase2\\IP-HCK83-Doni\\server\\routers\\index.js","statementMap":{"0":{"start":{"line":1,"column":15},"end":{"line":1,"column":42}},"1":{"start":{"line":2,"column":19},"end":{"line":2,"column":43}},"2":{"start":{"line":3,"column":20},"end":{"line":3,"column":45}},"3":{"start":{"line":4,"column":23},"end":{"line":4,"column":51}},"4":{"start":{"line":5,"column":26},"end":{"line":5,"column":57}},"5":{"start":{"line":7,"column":0},"end":{"line":7,"column":32}},"6":{"start":{"line":8,"column":0},"end":{"line":8,"column":36}},"7":{"start":{"line":9,"column":0},"end":{"line":9,"column":42}},"8":{"start":{"line":10,"column":0},"end":{"line":10,"column":47}},"9":{"start":{"line":12,"column":0},"end":{"line":12,"column":24}}},"fnMap":{},"branchMap":{},"s":{"0":2,"1":2,"2":2,"3":2,"4":2,"5":2,"6":2,"7":2,"8":2,"9":2},"f":{},"b":{},"_coverageSchema":"1a1c01bbd47fc00a2c39e90264f33305004495a9","hash":"f97070c9ed08753d93631d583349aa7350b1cb74"}
,"C:\\Users\\donyb\\hacktiv8\\phase2\\IP-HCK83-Doni\\server\\routers\\transactionrouters.js": {"path":"C:\\Users\\donyb\\hacktiv8\\phase2\\IP-HCK83-Doni\\server\\routers\\transactionrouters.js","statementMap":{"0":{"start":{"line":1,"column":16},"end":{"line":1,"column":34}},"1":{"start":{"line":2,"column":15},"end":{"line":2,"column":31}},"2":{"start":{"line":3,"column":30},"end":{"line":3,"column":77}},"3":{"start":{"line":4,"column":21},"end":{"line":4,"column":59}},"4":{"start":{"line":6,"column":0},"end":{"line":6,"column":25}},"5":{"start":{"line":7,"column":0},"end":{"line":7,"column":58}},"6":{"start":{"line":9,"column":0},"end":{"line":9,"column":73}},"7":{"start":{"line":11,"column":0},"end":{"line":11,"column":24}}},"fnMap":{},"branchMap":{},"s":{"0":2,"1":2,"2":2,"3":2,"4":2,"5":2,"6":2,"7":2},"f":{},"b":{},"_coverageSchema":"1a1c01bbd47fc00a2c39e90264f33305004495a9","hash":"54f52e734429325da6f154565141de416b4f7eff"}
,"C:\\Users\\donyb\\hacktiv8\\phase2\\IP-HCK83-Doni\\server\\services\\geminiTranslate.js": {"path":"C:\\Users\\donyb\\hacktiv8\\phase2\\IP-HCK83-Doni\\server\\services\\geminiTranslate.js","statementMap":{"0":{"start":{"line":1,"column":14},"end":{"line":1,"column":30}},"1":{"start":{"line":2,"column":0},"end":{"line":2,"column":27}},"2":{"start":{"line":4,"column":23},"end":{"line":4,"column":49}},"3":{"start":{"line":6,"column":2},"end":{"line":7,"column":16}},"4":{"start":{"line":10,"column":17},"end":{"line":10,"column":81}},"5":{"start":{"line":11,"column":15},"end":{"line":14,"column":3}},"6":{"start":{"line":15,"column":19},"end":{"line":17,"column":4}},"7":{"start":{"line":18,"column":15},"end":{"line":18,"column":28}},"8":{"start":{"line":19,"column":15},"end":{"line":19,"column":19}},"9":{"start":{"line":21,"column":2},"end":{"line":21,"column":60}},"10":{"start":{"line":22,"column":2},"end":{"line":22,"column":61}},"11":{"start":{"line":22,"column":15},"end":{"line":22,"column":61}},"12":{"start":{"line":24,"column":2},"end":{"line":24,"column":29}},"13":{"start":{"line":25,"column":2},"end":{"line":25,"column":23}},"14":{"start":{"line":28,"column":0},"end":{"line":28,"column":33}}},"fnMap":{"0":{"name":"geminiTranslate","decl":{"start":{"line":9,"column":15},"end":{"line":9,"column":30}},"loc":{"start":{"line":9,"column":47},"end":{"line":26,"column":1}},"line":9}},"branchMap":{"0":{"loc":{"start":{"line":22,"column":2},"end":{"line":22,"column":61}},"type":"if","locations":[{"start":{"line":22,"column":2},"end":{"line":22,"column":61}},{"start":{},"end":{}}],"line":22}},"s":{"0":2,"1":2,"2":2,"3":2,"4":6,"5":6,"6":6,"7":5,"8":5,"9":5,"10":5,"11":0,"12":5,"13":5,"14":2},"f":{"0":6},"b":{"0":[0,5]},"_coverageSchema":"1a1c01bbd47fc00a2c39e90264f33305004495a9","hash":"fcecf222a846e8aa581709cf5ea9cfb0f36d2cb7"}
,"C:\\Users\\donyb\\hacktiv8\\phase2\\IP-HCK83-Doni\\server\\tests\\seed.js": {"path":"C:\\Users\\donyb\\hacktiv8\\phase2\\IP-HCK83-Doni\\server\\tests\\seed.js","statementMap":{"0":{"start":{"line":1,"column":86},"end":{"line":1,"column":106}},"1":{"start":{"line":2,"column":15},"end":{"line":2,"column":34}},"2":{"start":{"line":5,"column":2},"end":{"line":5,"column":40}},"3":{"start":{"line":7,"column":19},"end":{"line":7,"column":52}},"4":{"start":{"line":8,"column":16},"end":{"line":11,"column":4}},"5":{"start":{"line":13,"column":21},"end":{"line":18,"column":4}},"6":{"start":{"line":20,"column":18},"end":{"line":23,"column":4}},"7":{"start":{"line":25,"column":2},"end":{"line":28,"column":5}},"8":{"start":{"line":30,"column":2},"end":{"line":33,"column":5}},"9":{"start":{"line":35,"column":2},"end":{"line":40,"column":5}},"10":{"start":{"line":43,"column":0},"end":{"line":43,"column":29}}},"fnMap":{"0":{"name":"seedAll","decl":{"start":{"line":4,"column":15},"end":{"line":4,"column":22}},"loc":{"start":{"line":4,"column":25},"end":{"line":41,"column":1}},"line":4}},"branchMap":{},"s":{"0":1,"1":1,"2":1,"3":1,"4":1,"5":1,"6":1,"7":1,"8":1,"9":1,"10":1},"f":{"0":1},"b":{},"_coverageSchema":"1a1c01bbd47fc00a2c39e90264f33305004495a9","hash":"1501fcb01d5636eaebcaa33f42d93e6e93deb971"}
}
