TN:
SF:controllers\CategoryController.js
FN:5,(anonymous_0)
FN:17,(anonymous_1)
FN:28,(anonymous_2)
FN:44,(anonymous_3)
FNF:4
FNH:0
FNDA:0,(anonymous_0)
FNDA:0,(anonymous_1)
FNDA:0,(anonymous_2)
FNDA:0,(anonymous_3)
DA:1,1
DA:6,0
DA:7,0
DA:8,0
DA:9,0
DA:10,0
DA:12,0
DA:18,0
DA:19,0
DA:20,0
DA:21,0
DA:23,0
DA:29,0
DA:30,0
DA:31,0
DA:32,0
DA:33,0
DA:34,0
DA:35,0
DA:36,0
DA:37,0
DA:39,0
DA:45,0
DA:46,0
DA:47,0
DA:48,0
DA:49,0
DA:50,0
DA:51,0
DA:53,0
DA:54,0
DA:56,0
DA:61,1
LF:33
LH:2
BRDA:34,0,0,0
BRDA:34,0,1,0
BRDA:49,1,0,0
BRDA:49,1,1,0
BRDA:50,2,0,0
BRDA:50,2,1,0
BRF:6
BRH:0
end_of_record
TN:
SF:controllers\EntryController.js
FN:11,(anonymous_0)
FN:112,(anonymous_1)
FN:125,(anonymous_2)
FN:126,(anonymous_3)
FN:136,(anonymous_4)
FN:184,(anonymous_5)
FNF:6
FNH:4
FNDA:7,(anonymous_0)
FNDA:2,(anonymous_1)
FNDA:0,(anonymous_2)
FNDA:0,(anonymous_3)
FNDA:4,(anonymous_4)
FNDA:3,(anonymous_5)
DA:7,1
DA:8,1
DA:12,7
DA:13,7
DA:14,7
DA:15,7
DA:16,7
DA:17,0
DA:18,7
DA:19,6
DA:22,6
DA:23,1
DA:30,6
DA:31,6
DA:37,5
DA:38,0
DA:40,5
DA:41,1
DA:47,4
DA:48,4
DA:49,0
DA:50,0
DA:53,4
DA:54,4
DA:55,4
DA:61,0
DA:67,0
DA:68,0
DA:71,0
DA:72,0
DA:73,0
DA:76,0
DA:77,0
DA:79,0
DA:81,0
DA:82,0
DA:85,0
DA:88,0
DA:89,0
DA:94,0
DA:97,0
DA:98,0
DA:99,0
DA:104,0
DA:105,0
DA:107,7
DA:113,2
DA:114,2
DA:115,2
DA:116,2
DA:117,2
DA:118,2
DA:122,2
DA:124,2
DA:125,0
DA:126,0
DA:129,2
DA:131,0
DA:137,4
DA:138,4
DA:139,4
DA:140,4
DA:141,4
DA:142,4
DA:143,2
DA:144,2
DA:145,2
DA:147,2
DA:152,1
DA:153,1
DA:154,1
DA:155,1
DA:157,1
DA:158,0
DA:159,0
DA:162,0
DA:163,0
DA:165,0
DA:169,1
DA:170,1
DA:171,1
DA:177,2
DA:179,0
DA:185,3
DA:186,3
DA:187,3
DA:188,3
DA:189,3
DA:191,1
DA:193,1
DA:194,1
DA:195,1
DA:197,0
DA:202,1
LF:94
LH:60
BRDA:16,0,0,0
BRDA:16,0,1,7
BRDA:18,1,0,6
BRDA:18,1,1,1
BRDA:22,2,0,1
BRDA:22,2,1,5
BRDA:37,3,0,0
BRDA:37,3,1,5
BRDA:37,4,0,5
BRDA:37,4,1,5
BRDA:40,5,0,1
BRDA:40,5,1,4
BRDA:40,6,0,5
BRDA:40,6,1,4
BRDA:49,7,0,0
BRDA:49,7,1,0
BRDA:49,8,0,0
BRDA:49,8,1,0
BRDA:54,9,0,4
BRDA:54,9,1,0
BRDA:71,10,0,0
BRDA:71,10,1,0
BRDA:71,11,0,0
BRDA:71,11,1,0
BRDA:76,12,0,0
BRDA:76,12,1,0
BRDA:81,13,0,0
BRDA:81,13,1,0
BRDA:81,14,0,0
BRDA:81,14,1,0
BRDA:88,15,0,0
BRDA:88,15,1,0
BRDA:117,16,0,0
BRDA:117,16,1,2
BRDA:124,17,0,0
BRDA:124,17,1,2
BRDA:142,18,0,2
BRDA:142,18,1,2
BRDA:143,19,0,1
BRDA:143,19,1,1
BRDA:144,20,0,1
BRDA:144,20,1,1
BRDA:147,21,0,1
BRDA:147,21,1,1
BRDA:148,22,0,2
BRDA:148,22,1,1
BRDA:148,22,2,1
BRDA:148,22,3,0
BRDA:154,23,0,1
BRDA:154,23,1,0
BRDA:154,24,0,1
BRDA:154,24,1,1
BRDA:157,25,0,0
BRDA:157,25,1,1
BRDA:157,26,0,1
BRDA:157,26,1,0
BRDA:162,27,0,0
BRDA:162,27,1,0
BRDA:189,28,0,2
BRDA:189,28,1,1
BRF:60
BRH:33
end_of_record
TN:
SF:controllers\TransactionController.js
FN:6,(anonymous_0)
FN:29,(anonymous_1)
FN:100,(anonymous_2)
FN:146,(anonymous_3)
FNF:4
FNH:0
FNDA:0,(anonymous_0)
FNDA:0,(anonymous_1)
FNDA:0,(anonymous_2)
FNDA:0,(anonymous_3)
DA:1,1
DA:2,1
DA:7,0
DA:8,0
DA:9,0
DA:10,0
DA:11,0
DA:14,0
DA:19,0
DA:20,0
DA:23,0
DA:25,0
DA:30,0
DA:32,0
DA:33,0
DA:37,0
DA:38,0
DA:39,0
DA:43,0
DA:44,0
DA:45,0
DA:48,0
DA:49,0
DA:50,0
DA:57,0
DA:63,0
DA:73,0
DA:74,0
DA:75,0
DA:76,0
DA:78,0
DA:83,0
DA:85,0
DA:86,0
DA:87,0
DA:89,0
DA:95,0
DA:96,0
DA:101,0
DA:102,0
DA:103,0
DA:104,0
DA:105,0
DA:107,0
DA:108,0
DA:111,0
DA:113,0
DA:114,0
DA:118,0
DA:119,0
DA:120,0
DA:123,0
DA:124,0
DA:125,0
DA:128,0
DA:129,0
DA:131,0
DA:135,0
DA:136,0
DA:139,0
DA:141,0
DA:147,0
DA:148,0
DA:149,0
DA:151,0
DA:152,0
DA:155,0
DA:156,0
DA:157,0
DA:160,0
DA:161,0
DA:163,0
DA:164,0
DA:166,0
DA:168,0
DA:173,1
LF:76
LH:3
BRDA:10,0,0,0
BRDA:10,0,1,0
BRDA:19,1,0,0
BRDA:19,1,1,0
BRDA:32,2,0,0
BRDA:32,2,1,0
BRDA:38,3,0,0
BRDA:38,3,1,0
BRDA:44,4,0,0
BRDA:44,4,1,0
BRDA:107,5,0,0
BRDA:107,5,1,0
BRDA:113,6,0,0
BRDA:113,6,1,0
BRDA:119,7,0,0
BRDA:119,7,1,0
BRDA:124,8,0,0
BRDA:124,8,1,0
BRDA:124,9,0,0
BRDA:124,9,1,0
BRDA:131,10,0,0
BRDA:131,10,1,0
BRDA:132,11,0,0
BRDA:132,11,1,0
BRDA:132,11,2,0
BRDA:151,12,0,0
BRDA:151,12,1,0
BRDA:151,13,0,0
BRDA:151,13,1,0
BRDA:156,14,0,0
BRDA:156,14,1,0
BRF:31
BRH:0
end_of_record
TN:
SF:controllers\UserController.js
FN:5,(anonymous_0)
FN:35,(anonymous_1)
FN:80,(anonymous_2)
FN:137,(anonymous_3)
FNF:4
FNH:0
FNDA:0,(anonymous_0)
FNDA:0,(anonymous_1)
FNDA:0,(anonymous_2)
FNDA:0,(anonymous_3)
DA:1,1
DA:2,1
DA:6,0
DA:7,0
DA:9,0
DA:10,0
DA:15,0
DA:21,0
DA:23,0
DA:32,0
DA:36,0
DA:37,0
DA:40,0
DA:41,0
DA:43,0
DA:44,0
DA:47,0
DA:49,0
DA:50,0
DA:53,0
DA:57,0
DA:58,0
DA:61,0
DA:66,0
DA:69,0
DA:77,0
DA:81,0
DA:82,0
DA:85,0
DA:86,0
DA:89,0
DA:90,0
DA:92,0
DA:93,0
DA:98,0
DA:101,0
DA:102,0
DA:103,0
DA:106,0
DA:107,0
DA:108,0
DA:113,0
DA:117,0
DA:118,0
DA:123,0
DA:133,0
DA:138,0
DA:139,0
DA:140,0
DA:143,0
DA:144,0
DA:147,0
DA:148,0
DA:149,0
DA:153,0
DA:154,0
DA:155,0
DA:156,0
DA:157,0
DA:158,0
DA:161,0
DA:163,0
DA:173,0
DA:178,1
LF:64
LH:3
BRDA:9,0,0,0
BRDA:9,0,1,0
BRDA:9,1,0,0
BRDA:9,1,1,0
BRDA:9,1,2,0
BRDA:40,2,0,0
BRDA:40,2,1,0
BRDA:43,3,0,0
BRDA:43,3,1,0
BRDA:49,4,0,0
BRDA:49,4,1,0
BRDA:57,5,0,0
BRDA:57,5,1,0
BRDA:85,6,0,0
BRDA:85,6,1,0
BRDA:107,7,0,0
BRDA:107,7,1,0
BRDA:143,8,0,0
BRDA:143,8,1,0
BRDA:143,9,0,0
BRDA:143,9,1,0
BRDA:143,9,2,0
BRDA:148,10,0,0
BRDA:148,10,1,0
BRDA:153,11,0,0
BRDA:153,11,1,0
BRDA:154,12,0,0
BRDA:154,12,1,0
BRDA:155,13,0,0
BRDA:155,13,1,0
BRF:30
BRH:0
end_of_record
TN:
SF:middlewares\authenticate.js
FN:4,authenticate
FNF:1
FNH:1
FNDA:21,authenticate
DA:1,1
DA:2,1
DA:4,1
DA:5,21
DA:6,21
DA:7,21
DA:8,4
DA:10,17
DA:11,17
DA:12,16
DA:13,16
DA:14,16
DA:15,16
DA:17,1
LF:14
LH:14
BRDA:6,0,0,21
BRDA:6,0,1,4
BRDA:7,1,0,4
BRDA:7,1,1,17
BRDA:7,2,0,21
BRDA:7,2,1,17
BRDA:13,3,0,0
BRDA:13,3,1,16
BRF:8
BRH:7
end_of_record
TN:
SF:middlewares\errorHandler.js
FN:2,(anonymous_0)
FNF:1
FNH:1
FNDA:7,(anonymous_0)
DA:2,1
DA:4,7
DA:5,7
DA:8,7
DA:9,1
DA:10,1
DA:14,6
DA:15,0
DA:19,6
LF:9
LH:8
BRDA:4,0,0,7
BRDA:4,0,1,1
BRDA:5,1,0,7
BRDA:5,1,1,0
BRDA:8,2,0,1
BRDA:8,2,1,6
BRDA:8,3,0,7
BRDA:8,3,1,6
BRDA:9,4,0,1
BRDA:9,4,1,0
BRDA:14,5,0,0
BRDA:14,5,1,6
BRDA:14,6,0,6
BRDA:14,6,1,6
BRF:14
BRH:11
end_of_record
TN:
SF:models\category.js
FN:3,(anonymous_0)
FN:5,(anonymous_1)
FNF:2
FNH:2
FNDA:1,(anonymous_0)
FNDA:1,(anonymous_1)
DA:2,1
DA:3,1
DA:6,1
DA:7,1
DA:9,1
DA:34,1
LF:6
LH:6
BRF:0
BRH:0
end_of_record
TN:
SF:models\entry.js
FN:3,(anonymous_0)
FN:5,(anonymous_1)
FNF:2
FNH:2
FNDA:1,(anonymous_0)
FNDA:1,(anonymous_1)
DA:2,1
DA:3,1
DA:6,1
DA:7,1
DA:8,1
DA:11,1
DA:46,1
LF:7
LH:7
BRF:0
BRH:0
end_of_record
TN:
SF:models\entrycategory.js
FN:3,(anonymous_0)
FN:5,(anonymous_1)
FNF:2
FNH:2
FNDA:1,(anonymous_0)
FNDA:1,(anonymous_1)
DA:2,1
DA:3,1
DA:6,1
DA:7,1
DA:10,1
DA:36,1
LF:6
LH:6
BRF:0
BRH:0
end_of_record
TN:
SF:models\transaction.js
FN:3,(anonymous_0)
FN:5,(anonymous_1)
FNF:2
FNH:2
FNDA:1,(anonymous_0)
FNDA:1,(anonymous_1)
DA:2,1
DA:3,1
DA:6,1
DA:8,1
DA:58,1
LF:5
LH:5
BRF:0
BRH:0
end_of_record
TN:
SF:models\translation.js
FN:3,(anonymous_0)
FN:5,(anonymous_1)
FNF:2
FNH:2
FNDA:1,(anonymous_0)
FNDA:1,(anonymous_1)
DA:2,1
DA:3,1
DA:6,1
DA:9,1
DA:35,1
LF:5
LH:5
BRF:0
BRH:0
end_of_record
TN:
SF:models\user.js
FN:3,(anonymous_0)
FN:5,(anonymous_1)
FN:73,(anonymous_2)
FNF:3
FNH:3
FNDA:1,(anonymous_0)
FNDA:1,(anonymous_1)
FNDA:42,(anonymous_2)
DA:2,1
DA:3,1
DA:6,1
DA:7,1
DA:10,1
DA:73,1
DA:74,42
DA:75,42
DA:76,42
DA:78,1
LF:10
LH:10
BRF:0
BRH:0
end_of_record
TN:
SF:routers\authrouters.js
FNF:0
FNH:0
DA:1,1
DA:2,1
DA:4,1
DA:6,1
DA:7,1
DA:8,1
DA:11,1
DA:12,1
DA:14,1
LF:9
LH:9
BRF:0
BRH:0
end_of_record
TN:
SF:routers\categoryrouters.js
FNF:0
FNH:0
DA:1,1
DA:2,1
DA:3,1
DA:4,1
DA:6,1
DA:7,1
DA:8,1
DA:9,1
DA:10,1
DA:12,1
LF:10
LH:10
BRF:0
BRH:0
end_of_record
TN:
SF:routers\entryrouters.js
FNF:0
FNH:0
DA:1,1
DA:2,1
DA:3,1
DA:4,1
DA:6,1
DA:7,1
DA:8,1
DA:9,1
DA:10,1
DA:12,1
LF:10
LH:10
BRF:0
BRH:0
end_of_record
TN:
SF:routers\index.js
FNF:0
FNH:0
DA:1,1
DA:2,1
DA:3,1
DA:4,1
DA:5,1
DA:7,1
DA:8,1
DA:9,1
DA:10,1
DA:12,1
LF:10
LH:10
BRF:0
BRH:0
end_of_record
TN:
SF:routers\transactionrouters.js
FNF:0
FNH:0
DA:1,1
DA:2,1
DA:3,1
DA:4,1
DA:7,1
DA:10,1
DA:11,1
DA:12,1
DA:14,1
LF:9
LH:9
BRF:0
BRH:0
end_of_record
TN:
SF:services\geminiTranslate.js
FN:9,geminiTranslate
FNF:1
FNH:1
FNDA:4,geminiTranslate
DA:1,1
DA:2,1
DA:4,1
DA:6,1
DA:10,4
DA:11,4
DA:15,4
DA:16,4
DA:20,0
DA:21,0
DA:23,0
DA:25,4
DA:26,4
DA:30,1
LF:14
LH:11
BRDA:21,0,0,0
BRDA:21,0,1,0
BRF:2
BRH:0
end_of_record
