TN:
SF:app.js
FN:13,(anonymous_0)
FNF:1
FNH:1
FNDA:2,(anonymous_0)
DA:1,2
DA:2,2
DA:3,2
DA:5,2
DA:6,2
DA:7,2
DA:9,2
DA:11,2
DA:13,2
DA:14,2
DA:17,2
LF:11
LH:11
BRF:0
BRH:0
end_of_record
TN:
SF:controllers\CategoryController.js
FN:5,(anonymous_0)
FN:17,(anonymous_1)
FN:28,(anonymous_2)
FN:44,(anonymous_3)
FNF:4
FNH:4
FNDA:1,(anonymous_0)
FNDA:1,(anonymous_1)
FNDA:1,(anonymous_2)
FNDA:2,(anonymous_3)
DA:1,2
DA:6,1
DA:7,1
DA:8,1
DA:9,1
DA:10,1
DA:12,0
DA:18,1
DA:19,1
DA:20,1
DA:21,1
DA:23,0
DA:29,1
DA:30,1
DA:31,1
DA:32,1
DA:33,1
DA:34,1
DA:35,1
DA:36,1
DA:37,1
DA:39,0
DA:45,2
DA:46,2
DA:47,2
DA:48,2
DA:49,2
DA:50,2
DA:51,1
DA:53,1
DA:54,1
DA:56,0
DA:61,2
LF:33
LH:29
BRDA:34,0,0,0
BRDA:34,0,1,1
BRDA:49,1,0,0
BRDA:49,1,1,2
BRDA:50,2,0,1
BRDA:50,2,1,1
BRF:6
BRH:4
end_of_record
TN:
SF:controllers\EntryController.js
FN:11,(anonymous_0)
FN:85,(anonymous_1)
FN:98,(anonymous_2)
FN:99,(anonymous_3)
FN:109,(anonymous_4)
FN:157,(anonymous_5)
FNF:6
FNH:4
FNDA:6,(anonymous_0)
FNDA:1,(anonymous_1)
FNDA:0,(anonymous_2)
FNDA:0,(anonymous_3)
FNDA:2,(anonymous_4)
FNDA:2,(anonymous_5)
DA:7,2
DA:8,2
DA:12,6
DA:13,6
DA:14,6
DA:15,6
DA:16,6
DA:17,0
DA:19,6
DA:20,6
DA:23,6
DA:24,0
DA:30,6
DA:36,6
DA:37,5
DA:42,5
DA:43,5
DA:44,0
DA:47,5
DA:50,5
DA:51,0
DA:56,5
DA:59,5
DA:60,0
DA:61,0
DA:64,0
DA:65,0
DA:67,0
DA:71,5
DA:72,5
DA:73,5
DA:78,5
DA:80,0
DA:86,1
DA:87,1
DA:88,1
DA:89,1
DA:90,1
DA:91,1
DA:95,1
DA:97,1
DA:98,0
DA:99,0
DA:102,1
DA:104,0
DA:110,2
DA:111,2
DA:112,2
DA:113,2
DA:114,2
DA:115,2
DA:116,1
DA:117,1
DA:118,1
DA:120,1
DA:125,0
DA:126,0
DA:127,0
DA:128,0
DA:130,0
DA:131,0
DA:132,0
DA:135,0
DA:136,0
DA:138,0
DA:142,0
DA:143,0
DA:144,0
DA:150,1
DA:152,0
DA:158,2
DA:159,2
DA:160,2
DA:161,2
DA:162,2
DA:164,1
DA:166,1
DA:167,1
DA:168,1
DA:170,0
DA:175,2
LF:81
LH:53
BRDA:16,0,0,0
BRDA:16,0,1,6
BRDA:19,1,0,6
BRDA:19,1,1,0
BRDA:23,2,0,0
BRDA:23,2,1,6
BRDA:43,3,0,0
BRDA:43,3,1,5
BRDA:43,4,0,5
BRDA:43,4,1,0
BRDA:50,5,0,0
BRDA:50,5,1,5
BRDA:59,6,0,0
BRDA:59,6,1,5
BRDA:59,7,0,5
BRDA:59,7,1,0
BRDA:64,8,0,0
BRDA:64,8,1,0
BRDA:90,9,0,0
BRDA:90,9,1,1
BRDA:97,10,0,0
BRDA:97,10,1,1
BRDA:115,11,0,1
BRDA:115,11,1,1
BRDA:116,12,0,1
BRDA:116,12,1,0
BRDA:117,13,0,1
BRDA:117,13,1,0
BRDA:120,14,0,0
BRDA:120,14,1,1
BRDA:121,15,0,1
BRDA:121,15,1,0
BRDA:121,15,2,1
BRDA:121,15,3,0
BRDA:127,16,0,0
BRDA:127,16,1,0
BRDA:127,17,0,0
BRDA:127,17,1,0
BRDA:130,18,0,0
BRDA:130,18,1,0
BRDA:130,19,0,0
BRDA:130,19,1,0
BRDA:135,20,0,0
BRDA:135,20,1,0
BRDA:162,21,0,1
BRDA:162,21,1,1
BRF:46
BRH:19
end_of_record
TN:
SF:controllers\TransactionController.js
FN:6,(anonymous_0)
FN:47,(anonymous_1)
FNF:2
FNH:1
FNDA:1,(anonymous_0)
FNDA:0,(anonymous_1)
DA:1,2
DA:2,2
DA:7,1
DA:8,1
DA:9,1
DA:10,1
DA:12,1
DA:13,1
DA:19,1
DA:24,1
DA:33,1
DA:34,0
DA:35,0
DA:36,0
DA:41,1
DA:42,1
DA:48,0
DA:49,0
DA:50,0
DA:51,0
DA:52,0
DA:54,0
DA:55,0
DA:57,0
DA:58,0
DA:60,0
DA:64,0
DA:65,0
DA:66,0
DA:67,0
DA:70,0
DA:72,0
DA:77,2
LF:33
LH:14
BRDA:10,0,0,0
BRDA:10,0,1,1
BRDA:55,1,0,0
BRDA:55,1,1,0
BRDA:60,2,0,0
BRDA:60,2,1,0
BRDA:61,3,0,0
BRDA:61,3,1,0
BRDA:61,3,2,0
BRDA:65,4,0,0
BRDA:65,4,1,0
BRF:11
BRH:1
end_of_record
TN:
SF:controllers\UserController.js
FN:5,(anonymous_0)
FN:30,(anonymous_1)
FN:70,(anonymous_2)
FNF:3
FNH:3
FNDA:3,(anonymous_0)
FNDA:3,(anonymous_1)
FNDA:1,(anonymous_2)
DA:1,2
DA:2,2
DA:6,3
DA:7,3
DA:9,3
DA:15,2
DA:17,2
DA:26,1
DA:31,3
DA:32,3
DA:34,3
DA:36,3
DA:37,0
DA:40,3
DA:44,3
DA:45,1
DA:48,2
DA:53,2
DA:58,2
DA:66,1
DA:71,1
DA:72,1
DA:73,1
DA:74,1
DA:77,1
DA:81,1
DA:82,1
DA:83,1
DA:86,1
DA:87,1
DA:88,1
DA:93,1
DA:97,1
DA:98,1
DA:100,1
DA:110,0
DA:115,2
LF:37
LH:35
BRDA:36,0,0,0
BRDA:36,0,1,3
BRDA:44,1,0,1
BRDA:44,1,1,2
BRDA:87,2,0,1
BRDA:87,2,1,0
BRF:6
BRH:4
end_of_record
TN:
SF:middlewares\authenticate.js
FN:4,authenticate
FNF:1
FNH:1
FNDA:20,authenticate
DA:1,2
DA:2,2
DA:4,2
DA:5,20
DA:6,20
DA:7,20
DA:8,2
DA:10,18
DA:11,18
DA:12,17
DA:13,17
DA:14,17
DA:15,17
DA:17,1
LF:14
LH:14
BRDA:6,0,0,20
BRDA:6,0,1,2
BRDA:7,1,0,2
BRDA:7,1,1,18
BRDA:7,2,0,20
BRDA:7,2,1,18
BRDA:13,3,0,0
BRDA:13,3,1,17
BRF:8
BRH:7
end_of_record
TN:
SF:middlewares\errorHandler.js
FN:2,(anonymous_0)
FNF:1
FNH:1
FNDA:3,(anonymous_0)
DA:2,2
DA:4,3
DA:5,3
DA:8,3
DA:9,1
DA:10,1
DA:14,2
DA:15,0
DA:19,2
LF:9
LH:8
BRDA:4,0,0,3
BRDA:4,0,1,2
BRDA:5,1,0,3
BRDA:5,1,1,0
BRDA:8,2,0,1
BRDA:8,2,1,2
BRDA:8,3,0,3
BRDA:8,3,1,2
BRDA:9,4,0,1
BRDA:9,4,1,0
BRDA:14,5,0,0
BRDA:14,5,1,2
BRDA:14,6,0,2
BRDA:14,6,1,2
BRF:14
BRH:11
end_of_record
TN:
SF:models\category.js
FN:3,(anonymous_0)
FN:5,(anonymous_1)
FNF:2
FNH:2
FNDA:2,(anonymous_0)
FNDA:2,(anonymous_1)
DA:2,2
DA:3,2
DA:6,2
DA:7,2
DA:10,2
DA:20,2
LF:6
LH:6
BRF:0
BRH:0
end_of_record
TN:
SF:models\entry.js
FN:3,(anonymous_0)
FN:5,(anonymous_1)
FNF:2
FNH:2
FNDA:2,(anonymous_0)
FNDA:2,(anonymous_1)
DA:2,2
DA:3,2
DA:6,2
DA:7,2
DA:8,2
DA:11,2
DA:30,2
LF:7
LH:7
BRF:0
BRH:0
end_of_record
TN:
SF:models\entrycategory.js
FN:3,(anonymous_0)
FN:5,(anonymous_1)
FNF:2
FNH:2
FNDA:2,(anonymous_0)
FNDA:2,(anonymous_1)
DA:2,2
DA:3,2
DA:6,2
DA:7,2
DA:10,2
DA:36,2
LF:6
LH:6
BRF:0
BRH:0
end_of_record
TN:
SF:models\index.js
FN:21,(anonymous_0)
FN:29,(anonymous_1)
FN:34,(anonymous_2)
FNF:3
FNH:3
FNDA:14,(anonymous_0)
FNDA:12,(anonymous_1)
FNDA:12,(anonymous_2)
DA:3,2
DA:4,2
DA:5,2
DA:6,2
DA:7,2
DA:8,2
DA:9,2
DA:10,2
DA:13,2
DA:14,0
DA:16,2
DA:19,2
DA:22,14
DA:30,12
DA:31,12
DA:34,2
DA:35,12
DA:36,12
DA:40,2
DA:41,2
DA:43,2
LF:21
LH:20
BRDA:8,0,0,2
BRDA:8,0,1,0
BRDA:13,1,0,0
BRDA:13,1,1,2
BRDA:23,2,0,14
BRDA:23,2,1,14
BRDA:23,2,2,12
BRDA:23,2,3,12
BRDA:35,3,0,12
BRDA:35,3,1,0
BRF:10
BRH:7
end_of_record
TN:
SF:models\transaction.js
FN:3,(anonymous_0)
FN:5,(anonymous_1)
FNF:2
FNH:2
FNDA:2,(anonymous_0)
FNDA:2,(anonymous_1)
DA:2,2
DA:3,2
DA:6,2
DA:9,2
DA:29,2
LF:5
LH:5
BRF:0
BRH:0
end_of_record
TN:
SF:models\translation.js
FN:3,(anonymous_0)
FN:5,(anonymous_1)
FNF:2
FNH:2
FNDA:2,(anonymous_0)
FNDA:2,(anonymous_1)
DA:2,2
DA:3,2
DA:6,2
DA:9,2
DA:27,2
LF:5
LH:5
BRF:0
BRH:0
end_of_record
TN:
SF:models\user.js
FN:3,(anonymous_0)
FN:10,(anonymous_1)
FN:78,(anonymous_2)
FN:83,(anonymous_3)
FNF:4
FNH:3
FNDA:2,(anonymous_0)
FNDA:2,(anonymous_1)
FNDA:3,(anonymous_2)
FNDA:0,(anonymous_3)
DA:2,2
DA:3,2
DA:11,2
DA:12,2
DA:15,2
DA:78,2
DA:79,3
DA:80,3
DA:81,3
DA:83,2
DA:84,0
DA:85,0
DA:86,0
DA:87,0
DA:90,2
LF:15
LH:11
BRDA:84,0,0,0
BRDA:84,0,1,0
BRF:2
BRH:0
end_of_record
TN:
SF:routers\authrouters.js
FNF:0
FNH:0
DA:1,2
DA:3,2
DA:5,2
DA:6,2
DA:7,2
DA:9,2
LF:6
LH:6
BRF:0
BRH:0
end_of_record
TN:
SF:routers\categoryrouters.js
FNF:0
FNH:0
DA:1,2
DA:2,2
DA:3,2
DA:4,2
DA:6,2
DA:7,2
DA:8,2
DA:9,2
DA:10,2
DA:12,2
LF:10
LH:10
BRF:0
BRH:0
end_of_record
TN:
SF:routers\entryrouters.js
FNF:0
FNH:0
DA:1,2
DA:2,2
DA:3,2
DA:4,2
DA:6,2
DA:7,2
DA:8,2
DA:9,2
DA:10,2
DA:12,2
LF:10
LH:10
BRF:0
BRH:0
end_of_record
TN:
SF:routers\index.js
FNF:0
FNH:0
DA:1,2
DA:2,2
DA:3,2
DA:4,2
DA:5,2
DA:7,2
DA:8,2
DA:9,2
DA:10,2
DA:12,2
LF:10
LH:10
BRF:0
BRH:0
end_of_record
TN:
SF:routers\transactionrouters.js
FNF:0
FNH:0
DA:1,2
DA:2,2
DA:3,2
DA:4,2
DA:6,2
DA:7,2
DA:9,2
DA:11,2
LF:8
LH:8
BRF:0
BRH:0
end_of_record
TN:
SF:services\geminiTranslate.js
FN:9,geminiTranslate
FNF:1
FNH:1
FNDA:6,geminiTranslate
DA:1,2
DA:2,2
DA:4,2
DA:6,2
DA:10,6
DA:11,6
DA:15,6
DA:18,5
DA:19,5
DA:21,5
DA:22,5
DA:24,5
DA:25,5
DA:28,2
LF:14
LH:14
BRDA:22,0,0,0
BRDA:22,0,1,5
BRF:2
BRH:1
end_of_record
TN:
SF:tests\seed.js
FN:4,seedAll
FNF:1
FNH:1
FNDA:1,seedAll
DA:1,1
DA:2,1
DA:5,1
DA:7,1
DA:8,1
DA:13,1
DA:20,1
DA:25,1
DA:30,1
DA:35,1
DA:43,1
LF:11
LH:11
BRF:0
BRH:0
end_of_record
